<?xml version="1.0" encoding="UTF-8"?>
<testsuite xmlns:xsi="http://www.w3.org/2001/XMLSchema-instance" xsi:noNamespaceSchemaLocation="https://maven.apache.org/surefire/maven-surefire-plugin/xsd/surefire-test-report-3.0.xsd" version="3.0" name="CalculatorTest" time="0.198" tests="4" errors="0" skipped="0" failures="0">
  <properties>
    <property name="java.specification.version" value="17"/>
    <property name="sun.jnu.encoding" value="UTF-8"/>
    <property name="java.class.path" value="/Users/ajaychhajed/Desktop/spe-mini-project-calculator/spe-mini-project_calculator/target/test-classes:/Users/ajaychhajed/Desktop/spe-mini-project-calculator/spe-mini-project_calculator/target/classes:/Users/ajaychhajed/.m2/repository/org/junit/jupiter/junit-jupiter/5.9.2/junit-jupiter-5.9.2.jar:/Users/ajaychhajed/.m2/repository/org/junit/jupiter/junit-jupiter-api/5.9.2/junit-jupiter-api-5.9.2.jar:/Users/ajaychhajed/.m2/repository/org/opentest4j/opentest4j/1.2.0/opentest4j-1.2.0.jar:/Users/ajaychhajed/.m2/repository/org/junit/platform/junit-platform-commons/1.9.2/junit-platform-commons-1.9.2.jar:/Users/ajaychhajed/.m2/repository/org/apiguardian/apiguardian-api/1.1.2/apiguardian-api-1.1.2.jar:/Users/ajaychhajed/.m2/repository/org/junit/jupiter/junit-jupiter-params/5.9.2/junit-jupiter-params-5.9.2.jar:/Users/ajaychhajed/.m2/repository/org/junit/jupiter/junit-jupiter-engine/5.9.2/junit-jupiter-engine-5.9.2.jar:/Users/ajaychhajed/.m2/repository/org/junit/platform/junit-platform-engine/1.9.2/junit-platform-engine-1.9.2.jar:/Users/ajaychhajed/.m2/repository/org/apache/maven/plugins/maven-assembly-plugin/3.4.2/maven-assembly-plugin-3.4.2.jar:/Users/ajaychhajed/.m2/repository/org/apache/maven/shared/maven-common-artifact-filters/3.3.1/maven-common-artifact-filters-3.3.1.jar:/Users/ajaychhajed/.m2/repository/org/slf4j/slf4j-api/1.7.36/slf4j-api-1.7.36.jar:/Users/ajaychhajed/.m2/repository/org/apache/maven/shared/maven-artifact-transfer/0.13.1/maven-artifact-transfer-0.13.1.jar:/Users/ajaychhajed/.m2/repository/org/apache/maven/maven-core/3.0/maven-core-3.0.jar:/Users/ajaychhajed/.m2/repository/org/apache/maven/maven-model/3.0/maven-model-3.0.jar:/Users/ajaychhajed/.m2/repository/org/apache/maven/maven-settings/3.0/maven-settings-3.0.jar:/Users/ajaychhajed/.m2/repository/org/apache/maven/maven-settings-builder/3.0/maven-settings-builder-3.0.jar:/Users/ajaychhajed/.m2/repository/org/apache/maven/maven-repository-metadata/3.0/maven-repository-metadata-3.0.jar:/Users/ajaychhajed/.m2/repository/org/apache/maven/maven-plugin-api/3.0/maven-plugin-api-3.0.jar:/Users/ajaychhajed/.m2/repository/org/apache/maven/maven-model-builder/3.0/maven-model-builder-3.0.jar:/Users/ajaychhajed/.m2/repository/org/apache/maven/maven-aether-provider/3.0/maven-aether-provider-3.0.jar:/Users/ajaychhajed/.m2/repository/org/sonatype/aether/aether-impl/1.7/aether-impl-1.7.jar:/Users/ajaychhajed/.m2/repository/org/sonatype/aether/aether-spi/1.7/aether-spi-1.7.jar:/Users/ajaychhajed/.m2/repository/org/sonatype/aether/aether-api/1.7/aether-api-1.7.jar:/Users/ajaychhajed/.m2/repository/org/sonatype/aether/aether-util/1.7/aether-util-1.7.jar:/Users/ajaychhajed/.m2/repository/org/sonatype/sisu/sisu-inject-plexus/1.4.2/sisu-inject-plexus-1.4.2.jar:/Users/ajaychhajed/.m2/repository/org/sonatype/sisu/sisu-inject-bean/1.4.2/sisu-inject-bean-1.4.2.jar:/Users/ajaychhajed/.m2/repository/org/sonatype/sisu/sisu-guice/2.1.7/sisu-guice-2.1.7-noaop.jar:/Users/ajaychhajed/.m2/repository/org/codehaus/plexus/plexus-classworlds/2.2.3/plexus-classworlds-2.2.3.jar:/Users/ajaychhajed/.m2/repository/org/sonatype/plexus/plexus-sec-dispatcher/1.3/plexus-sec-dispatcher-1.3.jar:/Users/ajaychhajed/.m2/repository/org/sonatype/plexus/plexus-cipher/1.4/plexus-cipher-1.4.jar:/Users/ajaychhajed/.m2/repository/org/apache/maven/maven-artifact/3.0/maven-artifact-3.0.jar:/Users/ajaychhajed/.m2/repository/org/codehaus/plexus/plexus-component-annotations/2.0.0/plexus-component-annotations-2.0.0.jar:/Users/ajaychhajed/.m2/repository/org/codehaus/plexus/plexus-interpolation/1.26/plexus-interpolation-1.26.jar:/Users/ajaychhajed/.m2/repository/commons-io/commons-io/2.11.0/commons-io-2.11.0.jar:/Users/ajaychhajed/.m2/repository/org/apache/maven/shared/maven-filtering/3.3.0/maven-filtering-3.3.0.jar:/Users/ajaychhajed/.m2/repository/javax/inject/javax.inject/1/javax.inject-1.jar:/Users/ajaychhajed/.m2/repository/org/sonatype/plexus/plexus-build-api/0.0.7/plexus-build-api-0.0.7.jar:/Users/ajaychhajed/.m2/repository/org/codehaus/plexus/plexus-io/3.4.0/plexus-io-3.4.0.jar:/Users/ajaychhajed/.m2/repository/org/codehaus/plexus/plexus-archiver/4.4.0/plexus-archiver-4.4.0.jar:/Users/ajaychhajed/.m2/repository/org/apache/commons/commons-compress/1.21/commons-compress-1.21.jar:/Users/ajaychhajed/.m2/repository/org/iq80/snappy/snappy/0.4/snappy-0.4.jar:/Users/ajaychhajed/.m2/repository/org/tukaani/xz/1.9/xz-1.9.jar:/Users/ajaychhajed/.m2/repository/org/apache/maven/maven-archiver/3.6.0/maven-archiver-3.6.0.jar:/Users/ajaychhajed/.m2/repository/org/codehaus/plexus/plexus-utils/3.4.2/plexus-utils-3.4.2.jar:/Users/ajaychhajed/.m2/repository/org/apache/logging/log4j/log4j-api/2.14.0/log4j-api-2.14.0.jar:/Users/ajaychhajed/.m2/repository/org/apache/logging/log4j/log4j-core/2.14.0/log4j-core-2.14.0.jar:"/>
    <property name="java.vm.vendor" value="Homebrew"/>
    <property name="sun.arch.data.model" value="64"/>
    <property name="java.vendor.url" value="https://github.com/Homebrew/homebrew-core/issues"/>
    <property name="user.timezone" value="Asia/Kolkata"/>
    <property name="os.name" value="Mac OS X"/>
    <property name="java.vm.specification.version" value="17"/>
    <property name="sun.java.launcher" value="SUN_STANDARD"/>
    <property name="user.country" value="IN"/>
    <property name="sun.boot.library.path" value="/opt/homebrew/Cellar/openjdk@17/17.0.6/libexec/openjdk.jdk/Contents/Home/lib"/>
    <property name="sun.java.command" value="/Users/ajaychhajed/Desktop/spe-mini-project-calculator/spe-mini-project_calculator/target/surefire/surefirebooter-20230405181316239_3.jar /Users/ajaychhajed/Desktop/spe-mini-project-calculator/spe-mini-project_calculator/target/surefire 2023-04-05T18-13-16_199-jvmRun1 surefire-20230405181316239_1tmp surefire_0-20230405181316239_2tmp"/>
    <property name="http.nonProxyHosts" value="local|*.local|169.254/16|*.169.254/16"/>
    <property name="jdk.debug" value="release"/>
    <property name="surefire.test.class.path" value="/Users/ajaychhajed/Desktop/spe-mini-project-calculator/spe-mini-project_calculator/target/test-classes:/Users/ajaychhajed/Desktop/spe-mini-project-calculator/spe-mini-project_calculator/target/classes:/Users/ajaychhajed/.m2/repository/org/junit/jupiter/junit-jupiter/5.9.2/junit-jupiter-5.9.2.jar:/Users/ajaychhajed/.m2/repository/org/junit/jupiter/junit-jupiter-api/5.9.2/junit-jupiter-api-5.9.2.jar:/Users/ajaychhajed/.m2/repository/org/opentest4j/opentest4j/1.2.0/opentest4j-1.2.0.jar:/Users/ajaychhajed/.m2/repository/org/junit/platform/junit-platform-commons/1.9.2/junit-platform-commons-1.9.2.jar:/Users/ajaychhajed/.m2/repository/org/apiguardian/apiguardian-api/1.1.2/apiguardian-api-1.1.2.jar:/Users/ajaychhajed/.m2/repository/org/junit/jupiter/junit-jupiter-params/5.9.2/junit-jupiter-params-5.9.2.jar:/Users/ajaychhajed/.m2/repository/org/junit/jupiter/junit-jupiter-engine/5.9.2/junit-jupiter-engine-5.9.2.jar:/Users/ajaychhajed/.m2/repository/org/junit/platform/junit-platform-engine/1.9.2/junit-platform-engine-1.9.2.jar:/Users/ajaychhajed/.m2/repository/org/apache/maven/plugins/maven-assembly-plugin/3.4.2/maven-assembly-plugin-3.4.2.jar:/Users/ajaychhajed/.m2/repository/org/apache/maven/shared/maven-common-artifact-filters/3.3.1/maven-common-artifact-filters-3.3.1.jar:/Users/ajaychhajed/.m2/repository/org/slf4j/slf4j-api/1.7.36/slf4j-api-1.7.36.jar:/Users/ajaychhajed/.m2/repository/org/apache/maven/shared/maven-artifact-transfer/0.13.1/maven-artifact-transfer-0.13.1.jar:/Users/ajaychhajed/.m2/repository/org/apache/maven/maven-core/3.0/maven-core-3.0.jar:/Users/ajaychhajed/.m2/repository/org/apache/maven/maven-model/3.0/maven-model-3.0.jar:/Users/ajaychhajed/.m2/repository/org/apache/maven/maven-settings/3.0/maven-settings-3.0.jar:/Users/ajaychhajed/.m2/repository/org/apache/maven/maven-settings-builder/3.0/maven-settings-builder-3.0.jar:/Users/ajaychhajed/.m2/repository/org/apache/maven/maven-repository-metadata/3.0/maven-repository-metadata-3.0.jar:/Users/ajaychhajed/.m2/repository/org/apache/maven/maven-plugin-api/3.0/maven-plugin-api-3.0.jar:/Users/ajaychhajed/.m2/repository/org/apache/maven/maven-model-builder/3.0/maven-model-builder-3.0.jar:/Users/ajaychhajed/.m2/repository/org/apache/maven/maven-aether-provider/3.0/maven-aether-provider-3.0.jar:/Users/ajaychhajed/.m2/repository/org/sonatype/aether/aether-impl/1.7/aether-impl-1.7.jar:/Users/ajaychhajed/.m2/repository/org/sonatype/aether/aether-spi/1.7/aether-spi-1.7.jar:/Users/ajaychhajed/.m2/repository/org/sonatype/aether/aether-api/1.7/aether-api-1.7.jar:/Users/ajaychhajed/.m2/repository/org/sonatype/aether/aether-util/1.7/aether-util-1.7.jar:/Users/ajaychhajed/.m2/repository/org/sonatype/sisu/sisu-inject-plexus/1.4.2/sisu-inject-plexus-1.4.2.jar:/Users/ajaychhajed/.m2/repository/org/sonatype/sisu/sisu-inject-bean/1.4.2/sisu-inject-bean-1.4.2.jar:/Users/ajaychhajed/.m2/repository/org/sonatype/sisu/sisu-guice/2.1.7/sisu-guice-2.1.7-noaop.jar:/Users/ajaychhajed/.m2/repository/org/codehaus/plexus/plexus-classworlds/2.2.3/plexus-classworlds-2.2.3.jar:/Users/ajaychhajed/.m2/repository/org/sonatype/plexus/plexus-sec-dispatcher/1.3/plexus-sec-dispatcher-1.3.jar:/Users/ajaychhajed/.m2/repository/org/sonatype/plexus/plexus-cipher/1.4/plexus-cipher-1.4.jar:/Users/ajaychhajed/.m2/repository/org/apache/maven/maven-artifact/3.0/maven-artifact-3.0.jar:/Users/ajaychhajed/.m2/repository/org/codehaus/plexus/plexus-component-annotations/2.0.0/plexus-component-annotations-2.0.0.jar:/Users/ajaychhajed/.m2/repository/org/codehaus/plexus/plexus-interpolation/1.26/plexus-interpolation-1.26.jar:/Users/ajaychhajed/.m2/repository/commons-io/commons-io/2.11.0/commons-io-2.11.0.jar:/Users/ajaychhajed/.m2/repository/org/apache/maven/shared/maven-filtering/3.3.0/maven-filtering-3.3.0.jar:/Users/ajaychhajed/.m2/repository/javax/inject/javax.inject/1/javax.inject-1.jar:/Users/ajaychhajed/.m2/repository/org/sonatype/plexus/plexus-build-api/0.0.7/plexus-build-api-0.0.7.jar:/Users/ajaychhajed/.m2/repository/org/codehaus/plexus/plexus-io/3.4.0/plexus-io-3.4.0.jar:/Users/ajaychhajed/.m2/repository/org/codehaus/plexus/plexus-archiver/4.4.0/plexus-archiver-4.4.0.jar:/Users/ajaychhajed/.m2/repository/org/apache/commons/commons-compress/1.21/commons-compress-1.21.jar:/Users/ajaychhajed/.m2/repository/org/iq80/snappy/snappy/0.4/snappy-0.4.jar:/Users/ajaychhajed/.m2/repository/org/tukaani/xz/1.9/xz-1.9.jar:/Users/ajaychhajed/.m2/repository/org/apache/maven/maven-archiver/3.6.0/maven-archiver-3.6.0.jar:/Users/ajaychhajed/.m2/repository/org/codehaus/plexus/plexus-utils/3.4.2/plexus-utils-3.4.2.jar:/Users/ajaychhajed/.m2/repository/org/apache/logging/log4j/log4j-api/2.14.0/log4j-api-2.14.0.jar:/Users/ajaychhajed/.m2/repository/org/apache/logging/log4j/log4j-core/2.14.0/log4j-core-2.14.0.jar:"/>
    <property name="sun.cpu.endian" value="little"/>
    <property name="user.home" value="/Users/ajaychhajed"/>
    <property name="user.language" value="en"/>
    <property name="java.specification.vendor" value="Oracle Corporation"/>
    <property name="java.version.date" value="2023-01-17"/>
    <property name="java.home" value="/opt/homebrew/Cellar/openjdk@17/17.0.6/libexec/openjdk.jdk/Contents/Home"/>
    <property name="file.separator" value="/"/>
    <property name="basedir" value="/Users/ajaychhajed/Desktop/spe-mini-project-calculator/spe-mini-project_calculator"/>
    <property name="java.vm.compressedOopsMode" value="Zero based"/>
    <property name="line.separator" value="&#10;"/>
    <property name="java.vm.specification.vendor" value="Oracle Corporation"/>
    <property name="java.specification.name" value="Java Platform API Specification"/>
    <property name="surefire.real.class.path" value="/Users/ajaychhajed/Desktop/spe-mini-project-calculator/spe-mini-project_calculator/target/surefire/surefirebooter-20230405181316239_3.jar"/>
    <property name="sun.management.compiler" value="HotSpot 64-Bit Tiered Compilers"/>
    <property name="ftp.nonProxyHosts" value="local|*.local|169.254/16|*.169.254/16"/>
    <property name="java.runtime.version" value="17.0.6+0"/>
    <property name="user.name" value="ajaychhajed"/>
    <property name="path.separator" value=":"/>
    <property name="os.version" value="13.2.1"/>
    <property name="java.runtime.name" value="OpenJDK Runtime Environment"/>
    <property name="file.encoding" value="UTF-8"/>
    <property name="java.vm.name" value="OpenJDK 64-Bit Server VM"/>
    <property name="java.vendor.version" value="Homebrew"/>
    <property name="localRepository" value="/Users/ajaychhajed/.m2/repository"/>
    <property name="java.vendor.url.bug" value="https://github.com/Homebrew/homebrew-core/issues"/>
    <property name="java.io.tmpdir" value="/var/folders/ss/pvm1675d34v_2wmhfrb452hr0000gn/T/"/>
    <property name="java.version" value="17.0.6"/>
    <property name="user.dir" value="/Users/ajaychhajed/Desktop/spe-mini-project-calculator/spe-mini-project_calculator"/>
    <property name="os.arch" value="aarch64"/>
    <property name="java.vm.specification.name" value="Java Virtual Machine Specification"/>
    <property name="native.encoding" value="UTF-8"/>
    <property name="java.library.path" value="/Users/ajaychhajed/Library/Java/Extensions:/Library/Java/Extensions:/Network/Library/Java/Extensions:/System/Library/Java/Extensions:/usr/lib/java:."/>
    <property name="java.vm.info" value="mixed mode, sharing"/>
    <property name="java.vendor" value="Homebrew"/>
    <property name="java.vm.version" value="17.0.6+0"/>
    <property name="sun.io.unicode.encoding" value="UnicodeBig"/>
    <property name="socksNonProxyHosts" value="local|*.local|169.254/16|*.169.254/16"/>
    <property name="java.class.version" value="61.0"/>
  </properties>
  <testcase name="xpowerY" classname="CalculatorTest" time="0.021">
    <system-out><![CDATA[18:13:16.661 [Calculator.java] INFO  calculator.Calculator - 2.0to the power of 3.0is - 8.0
18:13:16.665 [Calculator.java] INFO  calculator.Calculator - 5.0to the power of 4.0is - 625.0
18:13:16.665 [Calculator.java] INFO  calculator.Calculator - 10392.0to the power of 0.0is - 1.0
18:13:16.665 [Calculator.java] INFO  calculator.Calculator - 2.0to the power of 4.0is - 16.0
18:13:16.666 [Calculator.java] INFO  calculator.Calculator - 4.0to the power of 3.0is - 64.0
]]></system-out>
  </testcase>
  <testcase name="getFactorial" classname="CalculatorTest" time="0.001"/>
  <testcase name="getNaturalLog" classname="CalculatorTest" time="0.002">
    <system-out><![CDATA[18:13:16.670 [Calculator.java] INFO  calculator.Calculator - Natural log of - 9.0 is - 2.1972245773362196
18:13:16.670 [Calculator.java] INFO  calculator.Calculator - Natural log of - 1.0 is - 0.0
18:13:16.670 [Calculator.java] INFO  calculator.Calculator - Natural log of - 15.0 is - 2.70805020110221
]]></system-out>
  </testcase>
  <testcase name="getSquareRoot" classname="CalculatorTest" time="0.002">
    <system-out><![CDATA[18:13:16.672 [Calculator.java] INFO  calculator.Calculator - SquareRoot of - 9 is - 3.0
18:13:16.672 [Calculator.java] INFO  calculator.Calculator - SquareRoot of - 100 is - 10.0
18:13:16.672 [Calculator.java] INFO  calculator.Calculator - SquareRoot of - 16 is - 4.0
18:13:16.672 [Calculator.java] INFO  calculator.Calculator - SquareRoot of - 256 is - 16.0
18:13:16.672 [Calculator.java] INFO  calculator.Calculator - SquareRoot of - 1 is - 1.0
]]></system-out>
  </testcase>
</testsuite>